<?xml version="1.0" encoding="UTF-8"?>
<!-- Generated by org.testng.reporters.JUnitReportReporter -->
<testsuite hostname="DESKTOP-LNRUB0I" failures="0" tests="2" name="seleniumframework.TestAutomationFramework.openAccount" time="27.435" errors="0" timestamp="2024-08-30T00:06:39 IST" skipped="0">
  <testcase classname="seleniumframework.TestAutomationFramework.openAccount" name="verifyNewAccountOpening" time="11.720"/>
  <testcase classname="seleniumframework.TestAutomationFramework.openAccount" name="verifyNewAccountOpening" time="15.715"/>
</testsuite> <!-- seleniumframework.TestAutomationFramework.openAccount -->
