<?xml version="1.0" encoding="UTF-8"?>
<!-- Generated by org.testng.reporters.JUnitReportReporter -->
<testsuite hostname="DESKTOP-LNRUB0I" failures="0" tests="2" name="seleniumframework.TestAutomationFramework.userRegistration" time="19.311" errors="0" timestamp="2024-08-27T22:56:39 IST" skipped="0">
  <testcase classname="seleniumframework.TestAutomationFramework.userRegistration" name="verifyLoginCredential" time="9.498"/>
  <testcase classname="seleniumframework.TestAutomationFramework.userRegistration" name="verifyUserRegestration" time="9.813"/>
</testsuite> <!-- seleniumframework.TestAutomationFramework.userRegistration -->
