<?xml version="1.0" encoding="UTF-8"?>
<!-- Generated by org.testng.reporters.JUnitReportReporter -->
<testsuite hostname="DESKTOP-LNRUB0I" failures="0" tests="2" name="rahulshettyacademy.tests.SubmitOrderTest" time="30.760" errors="0" timestamp="16 Jun 2024 05:16:15 GMT" skipped="0">
  <testcase classname="rahulshettyacademy.tests.SubmitOrderTest" name="submitOrder" time="22.714"/>
  <testcase classname="rahulshettyacademy.tests.SubmitOrderTest" name="OrderHistoryTest" time="8.046"/>
</testsuite> <!-- rahulshettyacademy.tests.SubmitOrderTest -->
