<?xml version="1.0" encoding="UTF-8"?>
<!-- Generated by org.testng.reporters.JUnitReportReporter -->
<testsuite hostname="DESKTOP-LNRUB0I" failures="0" tests="1" name="seleniumframework.TestAutomationFramework.userRegistration" time="12.976" errors="0" timestamp="2024-08-18T15:23:20 IST" skipped="0">
  <testcase classname="seleniumframework.TestAutomationFramework.userRegistration" name="verifyUserRegestration" time="12.976"/>
</testsuite> <!-- seleniumframework.TestAutomationFramework.userRegistration -->
