<?xml version="1.0" encoding="UTF-8"?>
<!-- Generated by org.testng.reporters.JUnitReportReporter -->
<testsuite hostname="DESKTOP-LNRUB0I" failures="0" tests="2" name="seleniumframework.TestAutomationFramework.userRegistration" time="18.194" errors="0" timestamp="2024-08-25T23:58:07 IST" skipped="0">
  <testcase classname="seleniumframework.TestAutomationFramework.userRegistration" name="verifyUserRegestration" time="9.955"/>
  <testcase classname="seleniumframework.TestAutomationFramework.userRegistration" name="verifyLoginCredential" time="8.239"/>
</testsuite> <!-- seleniumframework.TestAutomationFramework.userRegistration -->
